Using pre-set license
Built from '2020.2/release' branch; Version is '2020.2.1f1 (270dd8c3da1c) revision 2559448'; Using compiler version '192528614'; Build Type 'Release'
OS: 'Windows 10  (10.0.0) 64bit' Language: 'es' Physical Memory: 8129 MB
BatchMode: 1, IsHumanControllingUs: 0, StartBugReporterOnCrash: 0, Is64bit: 1, IsPro: 0

 COMMAND LINE ARGUMENTS:
C:\Program Files\Unity\Hub\Editor\2020.2.1f1\Editor\Unity.exe
-adb2
-batchMode
-noUpm
-name
AssetImportWorker0
-projectPath
C:/Users/JesusCuadraTellez/Desktop/Git/tfg/tfg/New Unity Project
-logFile
Logs/AssetImportWorker0.log
-srvPort
62252
Successfully changed project path to: C:/Users/JesusCuadraTellez/Desktop/Git/tfg/tfg/New Unity Project
C:/Users/JesusCuadraTellez/Desktop/Git/tfg/tfg/New Unity Project
Using Asset Import Pipeline V2.
Refreshing native plugins compatible for Editor in 42.27 ms, found 1 plugins.
Preloading 0 native plugins for Editor in 0.00 ms.
Initialize engine version: 2020.2.1f1 (270dd8c3da1c)
[Subsystems] Discovering subsystems at path C:/Program Files/Unity/Hub/Editor/2020.2.1f1/Editor/Data/Resources/UnitySubsystems
[Subsystems] Discovering subsystems at path C:/Users/JesusCuadraTellez/Desktop/Git/tfg/tfg/New Unity Project/Assets
GfxDevice: creating device client; threaded=0
Direct3D:
    Version:  Direct3D 11.0 [level 11.1]
    Renderer: AMD Radeon HD 7800 Series (ID=0x6818)
    Vendor:   
    VRAM:     2027 MB
    Driver:   27.20.21003.8013
Initialize mono
Mono path[0] = 'C:/Program Files/Unity/Hub/Editor/2020.2.1f1/Editor/Data/Managed'
Mono path[1] = 'C:/Program Files/Unity/Hub/Editor/2020.2.1f1/Editor/Data/MonoBleedingEdge/lib/mono/unityjit'
Mono config path = 'C:/Program Files/Unity/Hub/Editor/2020.2.1f1/Editor/Data/MonoBleedingEdge/etc'
Using monoOptions --debugger-agent=transport=dt_socket,embedding=1,server=y,suspend=n,address=127.0.0.1:56616
Begin MonoManager ReloadAssembly
Registering precompiled unity dll's ...
Register platform support module: C:/Program Files/Unity/Hub/Editor/2020.2.1f1/Editor/Data/PlaybackEngines/WindowsStandaloneSupport/UnityEditor.WindowsStandalone.Extensions.dll
Registered in 0.001495 seconds.
Native extension for WindowsStandalone target not found
Refreshing native plugins compatible for Editor in 41.02 ms, found 1 plugins.
Preloading 0 native plugins for Editor in 0.00 ms.
Invoked RoslynAnalysisRunner static constructor.
RoslynAnalysisRunner will not be running.
RoslynAnalysisRunner has terminated.
Mono: successfully reloaded assembly
- Completed reload, in  1.963 seconds
Platform modules already initialized, skipping
Registering precompiled user dll's ...
Registered in 0.000902 seconds.
Begin MonoManager ReloadAssembly
Native extension for WindowsStandalone target not found
Refreshing native plugins compatible for Editor in 42.59 ms, found 1 plugins.
Preloading 0 native plugins for Editor in 0.00 ms.
Invoked RoslynAnalysisRunner static constructor.
RoslynAnalysisRunner will not be running.
RoslynAnalysisRunner has terminated.
Mono: successfully reloaded assembly
- Completed reload, in  1.036 seconds
Platform modules already initialized, skipping
========================================================================
Worker process is ready to serve import requests
Launched and connected shader compiler UnityShaderCompiler.exe after 0.05 seconds
Refreshing native plugins compatible for Editor in 0.54 ms, found 1 plugins.
Preloading 0 native plugins for Editor in 0.00 ms.
Unloading 1862 Unused Serialized files (Serialized files now loaded: 0)
System memory in use before: 87.6 MB.
System memory in use after: 87.6 MB.

Unloading 24 unused Assets to reduce memory usage. Loaded Objects now: 2302.
Total: 2.112600 ms (FindLiveObjects: 0.271900 ms CreateObjectMapping: 0.095800 ms MarkObjects: 1.626700 ms  DeleteObjects: 0.117000 ms)

========================================================================
Received Import Request.
  path: Assets/audios/audios felicitacione/0.mp3
  artifactKey: Guid(70edbf1193ea6c549b653fd9a6dcd413) Importer(815301076,1909f56bfc062723c751e8b465ee728b)
Start importing Assets/audios/audios felicitacione/0.mp3 using Guid(70edbf1193ea6c549b653fd9a6dcd413) Importer(815301076,1909f56bfc062723c751e8b465ee728b)  -> (artifact id: 'b32d2c151771a17d04f659efbadea93a') in 0.131484 seconds
  Import took 0.135341 seconds .

========================================================================
Received Import Request.
  Time since last request: 0.000428 seconds.
  path: Assets/audios/audios felicitacione/06.mp3
  artifactKey: Guid(f9961f5389498b54d855939285956670) Importer(815301076,1909f56bfc062723c751e8b465ee728b)
Start importing Assets/audios/audios felicitacione/06.mp3 using Guid(f9961f5389498b54d855939285956670) Importer(815301076,1909f56bfc062723c751e8b465ee728b)  -> (artifact id: '6aa16551b22c01a3ac36f60f06a48e4e') in 0.011898 seconds
  Import took 0.015759 seconds .

========================================================================
Received Import Request.
  Time since last request: 0.000187 seconds.
  path: Assets/audios/audios felicitacione/03.mp3
  artifactKey: Guid(51600ed8ad751034795a8fa91e8fefb2) Importer(815301076,1909f56bfc062723c751e8b465ee728b)
Start importing Assets/audios/audios felicitacione/03.mp3 using Guid(51600ed8ad751034795a8fa91e8fefb2) Importer(815301076,1909f56bfc062723c751e8b465ee728b)  -> (artifact id: 'bc8150a2e60533353dbdbdd8d767dc4b') in 0.009968 seconds
  Import took 0.013660 seconds .

========================================================================
Received Import Request.
  Time since last request: 0.000177 seconds.
  path: Assets/audios/audios felicitacione/01.mp3
  artifactKey: Guid(07aac8993b48cdb43a07d4960a8bed98) Importer(815301076,1909f56bfc062723c751e8b465ee728b)
Start importing Assets/audios/audios felicitacione/01.mp3 using Guid(07aac8993b48cdb43a07d4960a8bed98) Importer(815301076,1909f56bfc062723c751e8b465ee728b)  -> (artifact id: 'fc3e842de88022a77eb4b67f5053f4f5') in 0.010047 seconds
  Import took 0.013740 seconds .

========================================================================
Received Import Request.
  Time since last request: 0.000175 seconds.
  path: Assets/audios/audios felicitacione/05.mp3
  artifactKey: Guid(11664b0572c45e1478185f53af516e0c) Importer(815301076,1909f56bfc062723c751e8b465ee728b)
Start importing Assets/audios/audios felicitacione/05.mp3 using Guid(11664b0572c45e1478185f53af516e0c) Importer(815301076,1909f56bfc062723c751e8b465ee728b)  -> (artifact id: '45059b1333dbac626f59105aa992ceaa') in 0.011041 seconds
  Import took 0.014328 seconds .

========================================================================
Received Import Request.
  Time since last request: 0.000187 seconds.
  path: Assets/audios/audios felicitacione/04.mp3
  artifactKey: Guid(ca73cc552108a5c45b8b09e0248a3b37) Importer(815301076,1909f56bfc062723c751e8b465ee728b)
Start importing Assets/audios/audios felicitacione/04.mp3 using Guid(ca73cc552108a5c45b8b09e0248a3b37) Importer(815301076,1909f56bfc062723c751e8b465ee728b)  -> (artifact id: '6e9ad7332e015b7b03dd5058b94b4213') in 0.012812 seconds
  Import took 0.017342 seconds .

========================================================================
Received Prepare
Registering precompiled user dll's ...
Registered in 0.001765 seconds.
Begin MonoManager ReloadAssembly
Native extension for WindowsStandalone target not found
Refreshing native plugins compatible for Editor in 0.39 ms, found 1 plugins.
Preloading 0 native plugins for Editor in 0.00 ms.
Invoked RoslynAnalysisRunner static constructor.
RoslynAnalysisRunner will not be running.
RoslynAnalysisRunner has terminated.
Mono: successfully reloaded assembly
- Completed reload, in  0.891 seconds
Platform modules already initialized, skipping
Refreshing native plugins compatible for Editor in 0.37 ms, found 1 plugins.
Preloading 0 native plugins for Editor in 0.00 ms.
Unloading 1846 Unused Serialized files (Serialized files now loaded: 0)
System memory in use before: 89.6 MB.
System memory in use after: 89.6 MB.

Unloading 12 unused Assets to reduce memory usage. Loaded Objects now: 2314.
Total: 2.119000 ms (FindLiveObjects: 0.212300 ms CreateObjectMapping: 0.119000 ms MarkObjects: 1.674300 ms  DeleteObjects: 0.112600 ms)

AssetImportWorkerClient::OnTransportError - code=2 error=End of file
